<?xml version="1.0" encoding="UTF-8"?>
<testng-results skipped="0" failed="0" total="1" passed="1">
  <reporter-output>
  </reporter-output>
  <suite name="Suite" duration-ms="12456" started-at="2017-06-13T07:50:51Z" finished-at="2017-06-13T07:51:04Z">
    <groups>
    </groups>
    <test name="Test" duration-ms="12456" started-at="2017-06-13T07:50:51Z" finished-at="2017-06-13T07:51:04Z">
      <class name="JenkinsMaven.MavenTest">
        <test-method status="PASS" signature="TestHello()[pri:0, instance:JenkinsMaven.MavenTest@c818063]" name="TestHello" duration-ms="12438" started-at="2017-06-13T11:50:51Z" finished-at="2017-06-13T11:51:04Z">
          <reporter-output>
          </reporter-output>
        </test-method> <!-- TestHello -->
      </class> <!-- JenkinsMaven.MavenTest -->
    </test> <!-- Test -->
  </suite> <!-- Suite -->
</testng-results>
