<?xml version="1.0" encoding="UTF-8"?>
<!-- Generated by org.testng.reporters.JUnitXMLReporter -->
<testsuite hostname="Belall" name="Test" tests="1" failures="1" timestamp="12 Jun 2017 10:44:45 GMT" time="0.038" errors="0">
  <testcase name="testJenkins" time="0.025" classname="demoJenkins.DemoJenkinsJobs">
    <failure type="java.lang.NoClassDefFoundError" message="com/google/common/base/Function">
      <![CDATA[java.lang.NoClassDefFoundError: com/google/common/base/Function
	at demoJenkins.DemoJenkinsJobs.testJenkins(DemoJenkinsJobs.java:20)
Caused by: java.lang.ClassNotFoundException: com.google.common.base.Function
	at java.net.URLClassLoader.findClass(Unknown Source)
	at java.lang.ClassLoader.loadClass(Unknown Source)
	at sun.misc.Launcher$AppClassLoader.loadClass(Unknown Source)
	at java.lang.ClassLoader.loadClass(Unknown Source)
	... 25 more
... Removed 24 stack frames]]>
    </failure>
  </testcase> <!-- testJenkins -->
</testsuite> <!-- Test -->
