<?xml version="1.0" encoding="UTF-8"?>
<testng-results skipped="0" failed="0" total="1" passed="1">
  <reporter-output>
  </reporter-output>
  <suite name="Default suite" duration-ms="29" started-at="2017-06-12T11:07:44Z" finished-at="2017-06-12T11:07:44Z">
    <groups>
    </groups>
    <test name="Default test" duration-ms="29" started-at="2017-06-12T11:07:44Z" finished-at="2017-06-12T11:07:44Z">
      <class name="JenkinsMaven.MavenTest">
        <test-method status="PASS" signature="TestHello()[pri:0, instance:JenkinsMaven.MavenTest@c64813]" name="TestHello" duration-ms="14" started-at="2017-06-12T15:07:44Z" finished-at="2017-06-12T15:07:44Z">
          <reporter-output>
          </reporter-output>
        </test-method> <!-- TestHello -->
      </class> <!-- JenkinsMaven.MavenTest -->
    </test> <!-- Default test -->
  </suite> <!-- Default suite -->
</testng-results>
