<?xml version="1.0" encoding="UTF-8"?>
<testng-results skipped="0" failed="0" total="1" passed="1">
  <reporter-output>
  </reporter-output>
  <suite name="Suite" duration-ms="14227" started-at="2017-06-12T09:55:58Z" finished-at="2017-06-12T09:56:12Z">
    <groups>
    </groups>
    <test name="Test" duration-ms="14227" started-at="2017-06-12T09:55:58Z" finished-at="2017-06-12T09:56:12Z">
      <class name="demoJenkins.DemoJenkinsJobs">
        <test-method status="PASS" signature="testJenkins()[pri:0, instance:demoJenkins.DemoJenkinsJobs@194a1b5]" name="testJenkins" duration-ms="14212" started-at="2017-06-12T13:55:58Z" finished-at="2017-06-12T13:56:12Z">
          <reporter-output>
          </reporter-output>
        </test-method> <!-- testJenkins -->
      </class> <!-- demoJenkins.DemoJenkinsJobs -->
    </test> <!-- Test -->
  </suite> <!-- Suite -->
</testng-results>
